# JRE version: OpenJDK Runtime Environment (8.0_202-b03) (build 1.8.0_202-release-1483-b03)
# Java VM: OpenJDK 64-Bit Server VM (25.202-b03 mixed mode windows-amd64 compressed oops)
Heap:
 PSYoungGen      total 143360K, used 15219K [0x00000000e0000000, 0x00000000ea580000, 0x0000000100000000)
  eden space 128512K, 11% used [0x00000000e0000000,0x00000000e0edcda0,0x00000000e7d80000)
  from space 14848K, 0% used [0x00000000e9700000,0x00000000e9700000,0x00000000ea580000)
  to   space 10752K, 0% used [0x00000000e7d80000,0x00000000e7d80000,0x00000000e8800000)
 ParOldGen       total 114688K, used 36327K [0x00000000a0000000, 0x00000000a7000000, 0x00000000e0000000)
  object space 114688K, 31% used [0x00000000a0000000,0x00000000a2379fe0,0x00000000a7000000)
 Metaspace       used 57637K, capacity 59494K, committed 59736K, reserved 1101824K
  class space    used 7739K, capacity 8156K, committed 8280K, reserved 1048576K
GC Heap History (10 events):
Event: 3.895 GC heap before
{Heap before GC invocations=7 (full 1):
 PSYoungGen      total 139264K, used 24631K [0x00000000e0000000, 0x00000000ea580000, 0x0000000100000000)
  eden space 128512K, 10% used [0x00000000e0000000,0x00000000e0d90110,0x00000000e7d80000)
  from space 10752K, 99% used [0x00000000e7d80000,0x00000000e87fdee8,0x00000000e8800000)
  to   space 14848K, 0% used [0x00000000e9700000,0x00000000e9700000,0x00000000ea580000)
 ParOldGen       total 114688K, used 13044K [0x00000000a0000000, 0x00000000a7000000, 0x00000000e0000000)
  object space 114688K, 11% used [0x00000000a0000000,0x00000000a0cbd318,0x00000000a7000000)
 Metaspace       used 34450K, capacity 35446K, committed 35456K, reserved 1079296K
  class space    used 4760K, capacity 4991K, committed 4992K, reserved 1048576K
Event: 3.902 GC heap after
Heap after GC invocations=7 (full 1):
 PSYoungGen      total 143360K, used 8864K [0x00000000e0000000, 0x00000000ea580000, 0x0000000100000000)
  eden space 128512K, 0% used [0x00000000e0000000,0x00000000e0000000,0x00000000e7d80000)
  from space 14848K, 59% used [0x00000000e9700000,0x00000000e9fa83d0,0x00000000ea580000)
  to   space 10752K, 0% used [0x00000000e7d80000,0x00000000e7d80000,0x00000000e8800000)
 ParOldGen       total 114688K, used 13052K [0x00000000a0000000, 0x00000000a7000000, 0x00000000e0000000)
  object space 114688K, 11% used [0x00000000a0000000,0x00000000a0cbf318,0x00000000a7000000)
 Metaspace       used 34450K, capacity 35446K, committed 35456K, reserved 1079296K
  class space    used 4760K, capacity 4991K, committed 4992K, reserved 1048576K
}
Event: 3.902 GC heap before
{Heap before GC invocations=8 (full 2):
 PSYoungGen      total 143360K, used 8864K [0x00000000e0000000, 0x00000000ea580000, 0x0000000100000000)
  eden space 128512K, 0% used [0x00000000e0000000,0x00000000e0000000,0x00000000e7d80000)
  from space 14848K, 59% used [0x00000000e9700000,0x00000000e9fa83d0,0x00000000ea580000)
  to   space 10752K, 0% used [0x00000000e7d80000,0x00000000e7d80000,0x00000000e8800000)
 ParOldGen       total 114688K, used 13052K [0x00000000a0000000, 0x00000000a7000000, 0x00000000e0000000)
  object space 114688K, 11% used [0x00000000a0000000,0x00000000a0cbf318,0x00000000a7000000)
 Metaspace       used 34450K, capacity 35446K, committed 35456K, reserved 1079296K
  class space    used 4760K, capacity 4991K, committed 4992K, reserved 1048576K
Event: 3.964 GC heap after
Heap after GC invocations=8 (full 2):
 PSYoungGen      total 143360K, used 0K [0x00000000e0000000, 0x00000000ea580000, 0x0000000100000000)
  eden space 128512K, 0% used [0x00000000e0000000,0x00000000e0000000,0x00000000e7d80000)
  from space 14848K, 0% used [0x00000000e9700000,0x00000000e9700000,0x00000000ea580000)
  to   space 10752K, 0% used [0x00000000e7d80000,0x00000000e7d80000,0x00000000e8800000)
 ParOldGen       total 114688K, used 16052K [0x00000000a0000000, 0x00000000a7000000, 0x00000000e0000000)
  object space 114688K, 13% used [0x00000000a0000000,0x00000000a0fad230,0x00000000a7000000)
 Metaspace       used 34450K, capacity 35446K, committed 35456K, reserved 1079296K
  class space    used 4760K, capacity 4991K, committed 4992K, reserved 1048576K
}
Event: 5.254 GC heap before
{Heap before GC invocations=9 (full 2):
 PSYoungGen      total 143360K, used 128512K [0x00000000e0000000, 0x00000000ea580000, 0x0000000100000000)
  eden space 128512K, 100% used [0x00000000e0000000,0x00000000e7d80000,0x00000000e7d80000)
  from space 14848K, 0% used [0x00000000e9700000,0x00000000e9700000,0x00000000ea580000)
  to   space 10752K, 0% used [0x00000000e7d80000,0x00000000e7d80000,0x00000000e8800000)
 ParOldGen       total 114688K, used 16052K [0x00000000a0000000, 0x00000000a7000000, 0x00000000e0000000)
  object space 114688K, 13% used [0x00000000a0000000,0x00000000a0fad230,0x00000000a7000000)
 Metaspace       used 46892K, capacity 48382K, committed 48640K, reserved 1091584K
  class space    used 6255K, capacity 6568K, committed 6656K, reserved 1048576K
Event: 5.264 GC heap after
Heap after GC invocations=9 (full 2):
 PSYoungGen      total 139264K, used 10720K [0x00000000e0000000, 0x00000000ea580000, 0x0000000100000000)
  eden space 128512K, 0% used [0x00000000e0000000,0x00000000e0000000,0x00000000e7d80000)
  from space 10752K, 99% used [0x00000000e7d80000,0x00000000e87f8188,0x00000000e8800000)
  to   space 14848K, 0% used [0x00000000e9700000,0x00000000e9700000,0x00000000ea580000)
 ParOldGen       total 114688K, used 21749K [0x00000000a0000000, 0x00000000a7000000, 0x00000000e0000000)
  object space 114688K, 18% used [0x00000000a0000000,0x00000000a153d588,0x00000000a7000000)
 Metaspace       used 46892K, capacity 48382K, committed 48640K, reserved 1091584K
  class space    used 6255K, capacity 6568K, committed 6656K, reserved 1048576K
}
Event: 6.359 GC heap before
{Heap before GC invocations=10 (full 2):
 PSYoungGen      total 139264K, used 139232K [0x00000000e0000000, 0x00000000ea580000, 0x0000000100000000)
  eden space 128512K, 100% used [0x00000000e0000000,0x00000000e7d80000,0x00000000e7d80000)
  from space 10752K, 99% used [0x00000000e7d80000,0x00000000e87f8188,0x00000000e8800000)
  to   space 14848K, 0% used [0x00000000e9700000,0x00000000e9700000,0x00000000ea580000)
 ParOldGen       total 114688K, used 21749K [0x00000000a0000000, 0x00000000a7000000, 0x00000000e0000000)
  object space 114688K, 18% used [0x00000000a0000000,0x00000000a153d588,0x00000000a7000000)
 Metaspace       used 56996K, capacity 58992K, committed 59096K, reserved 1099776K
  class space    used 7642K, capacity 8095K, committed 8152K, reserved 1048576K
Event: 6.372 GC heap after
Heap after GC invocations=10 (full 2):
 PSYoungGen      total 143360K, used 14822K [0x00000000e0000000, 0x00000000ea580000, 0x0000000100000000)
  eden space 128512K, 0% used [0x00000000e0000000,0x00000000e0000000,0x00000000e7d80000)
  from space 14848K, 99% used [0x00000000e9700000,0x00000000ea5799a8,0x00000000ea580000)
  to   space 10752K, 0% used [0x00000000e7d80000,0x00000000e7d80000,0x00000000e8800000)
 ParOldGen       total 114688K, used 29226K [0x00000000a0000000, 0x00000000a7000000, 0x00000000e0000000)
  object space 114688K, 25% used [0x00000000a0000000,0x00000000a1c8aac8,0x00000000a7000000)
 Metaspace       used 56996K, capacity 58992K, committed 59096K, reserved 1099776K
  class space    used 7642K, capacity 8095K, committed 8152K, reserved 1048576K
}
Event: 6.372 GC heap before
{Heap before GC invocations=11 (full 3):
 PSYoungGen      total 143360K, used 14822K [0x00000000e0000000, 0x00000000ea580000, 0x0000000100000000)
  eden space 128512K, 0% used [0x00000000e0000000,0x00000000e0000000,0x00000000e7d80000)
  from space 14848K, 99% used [0x00000000e9700000,0x00000000ea5799a8,0x00000000ea580000)
  to   space 10752K, 0% used [0x00000000e7d80000,0x00000000e7d80000,0x00000000e8800000)
 ParOldGen       total 114688K, used 29226K [0x00000000a0000000, 0x00000000a7000000, 0x00000000e0000000)
  object space 114688K, 25% used [0x00000000a0000000,0x00000000a1c8aac8,0x00000000a7000000)
 Metaspace       used 56996K, capacity 58992K, committed 59096K, reserved 1099776K
  class space    used 7642K, capacity 8095K, committed 8152K, reserved 1048576K
Event: 6.563 GC heap after
Heap after GC invocations=11 (full 3):
 PSYoungGen      total 143360K, used 0K [0x00000000e0000000, 0x00000000ea580000, 0x0000000100000000)
  eden space 128512K, 0% used [0x00000000e0000000,0x00000000e0000000,0x00000000e7d80000)
  from space 14848K, 0% used [0x00000000e9700000,0x00000000e9700000,0x00000000ea580000)
  to   space 10752K, 0% used [0x00000000e7d80000,0x00000000e7d80000,0x00000000e8800000)
 ParOldGen       total 114688K, used 36327K [0x00000000a0000000, 0x00000000a7000000, 0x00000000e0000000)
  object space 114688K, 31% used [0x00000000a0000000,0x00000000a2379fe0,0x00000000a7000000)
 Metaspace       used 56935K, capacity 58790K, committed 59096K, reserved 1099776K
  class space    used 7625K, capacity 8068K, committed 8152K, reserved 1048576K
}

