# JRE version: OpenJDK Runtime Environment (8.0_202-b03) (build 1.8.0_202-release-1483-b03)
# Java VM: OpenJDK 64-Bit Server VM (25.202-b03 mixed mode windows-amd64 compressed oops)
Heap:
 PSYoungGen      total 140800K, used 7327K [0x00000000e0000000, 0x00000000eb800000, 0x0000000100000000)
  eden space 123392K, 5% used [0x00000000e0000000,0x00000000e0727e68,0x00000000e7880000)
  from space 17408K, 0% used [0x00000000e7880000,0x00000000e7880000,0x00000000e8980000)
  to   space 19456K, 0% used [0x00000000ea500000,0x00000000ea500000,0x00000000eb800000)
 ParOldGen       total 187904K, used 32080K [0x00000000a0000000, 0x00000000ab780000, 0x00000000e0000000)
  object space 187904K, 17% used [0x00000000a0000000,0x00000000a1f542d8,0x00000000ab780000)
 Metaspace       used 57222K, capacity 59124K, committed 59392K, reserved 1099776K
  class space    used 7689K, capacity 8119K, committed 8192K, reserved 1048576K
GC Heap History (10 events):
Event: 4.865 GC heap before
{Heap before GC invocations=8 (full 2):
 PSYoungGen      total 110080K, used 9929K [0x00000000e0000000, 0x00000000e7a80000, 0x0000000100000000)
  eden space 96768K, 0% used [0x00000000e0000000,0x00000000e0000000,0x00000000e5e80000)
  from space 13312K, 74% used [0x00000000e6b80000,0x00000000e75327a8,0x00000000e7880000)
  to   space 13312K, 0% used [0x00000000e5e80000,0x00000000e5e80000,0x00000000e6b80000)
 ParOldGen       total 114688K, used 11825K [0x00000000a0000000, 0x00000000a7000000, 0x00000000e0000000)
  object space 114688K, 10% used [0x00000000a0000000,0x00000000a0b8c4f0,0x00000000a7000000)
 Metaspace       used 34570K, capacity 35444K, committed 35496K, reserved 1079296K
  class space    used 4776K, capacity 4964K, committed 4992K, reserved 1048576K
Event: 4.920 GC heap after
Heap after GC invocations=8 (full 2):
 PSYoungGen      total 110080K, used 0K [0x00000000e0000000, 0x00000000e7a80000, 0x0000000100000000)
  eden space 96768K, 0% used [0x00000000e0000000,0x00000000e0000000,0x00000000e5e80000)
  from space 13312K, 0% used [0x00000000e6b80000,0x00000000e6b80000,0x00000000e7880000)
  to   space 13312K, 0% used [0x00000000e5e80000,0x00000000e5e80000,0x00000000e6b80000)
 ParOldGen       total 187904K, used 17013K [0x00000000a0000000, 0x00000000ab780000, 0x00000000e0000000)
  object space 187904K, 9% used [0x00000000a0000000,0x00000000a109d6e8,0x00000000ab780000)
 Metaspace       used 34570K, capacity 35444K, committed 35496K, reserved 1079296K
  class space    used 4776K, capacity 4964K, committed 4992K, reserved 1048576K
}
Event: 6.703 GC heap before
{Heap before GC invocations=9 (full 2):
 PSYoungGen      total 110080K, used 96768K [0x00000000e0000000, 0x00000000e7a80000, 0x0000000100000000)
  eden space 96768K, 100% used [0x00000000e0000000,0x00000000e5e80000,0x00000000e5e80000)
  from space 13312K, 0% used [0x00000000e6b80000,0x00000000e6b80000,0x00000000e7880000)
  to   space 13312K, 0% used [0x00000000e5e80000,0x00000000e5e80000,0x00000000e6b80000)
 ParOldGen       total 187904K, used 17013K [0x00000000a0000000, 0x00000000ab780000, 0x00000000e0000000)
  object space 187904K, 9% used [0x00000000a0000000,0x00000000a109d6e8,0x00000000ab780000)
 Metaspace       used 45696K, capacity 47128K, committed 47488K, reserved 1089536K
  class space    used 6112K, capacity 6407K, committed 6528K, reserved 1048576K
Event: 6.713 GC heap after
Heap after GC invocations=9 (full 2):
 PSYoungGen      total 110080K, used 13281K [0x00000000e0000000, 0x00000000e9780000, 0x0000000100000000)
  eden space 96768K, 0% used [0x00000000e0000000,0x00000000e0000000,0x00000000e5e80000)
  from space 13312K, 99% used [0x00000000e5e80000,0x00000000e6b786c0,0x00000000e6b80000)
  to   space 14336K, 0% used [0x00000000e8980000,0x00000000e8980000,0x00000000e9780000)
 ParOldGen       total 187904K, used 17175K [0x00000000a0000000, 0x00000000ab780000, 0x00000000e0000000)
  object space 187904K, 9% used [0x00000000a0000000,0x00000000a10c5d08,0x00000000ab780000)
 Metaspace       used 45696K, capacity 47128K, committed 47488K, reserved 1089536K
  class space    used 6112K, capacity 6407K, committed 6528K, reserved 1048576K
}
Event: 7.858 GC heap before
{Heap before GC invocations=10 (full 2):
 PSYoungGen      total 110080K, used 110049K [0x00000000e0000000, 0x00000000e9780000, 0x0000000100000000)
  eden space 96768K, 100% used [0x00000000e0000000,0x00000000e5e80000,0x00000000e5e80000)
  from space 13312K, 99% used [0x00000000e5e80000,0x00000000e6b786c0,0x00000000e6b80000)
  to   space 14336K, 0% used [0x00000000e8980000,0x00000000e8980000,0x00000000e9780000)
 ParOldGen       total 187904K, used 17175K [0x00000000a0000000, 0x00000000ab780000, 0x00000000e0000000)
  object space 187904K, 9% used [0x00000000a0000000,0x00000000a10c5d08,0x00000000ab780000)
 Metaspace       used 52543K, capacity 54352K, committed 54528K, reserved 1095680K
  class space    used 7011K, capacity 7414K, committed 7424K, reserved 1048576K
Event: 7.869 GC heap after
Heap after GC invocations=10 (full 2):
 PSYoungGen      total 137728K, used 14306K [0x00000000e0000000, 0x00000000e9e00000, 0x0000000100000000)
  eden space 123392K, 0% used [0x00000000e0000000,0x00000000e0000000,0x00000000e7880000)
  from space 14336K, 99% used [0x00000000e8980000,0x00000000e9778960,0x00000000e9780000)
  to   space 17408K, 0% used [0x00000000e7880000,0x00000000e7880000,0x00000000e8980000)
 ParOldGen       total 187904K, used 20141K [0x00000000a0000000, 0x00000000ab780000, 0x00000000e0000000)
  object space 187904K, 10% used [0x00000000a0000000,0x00000000a13ab4d8,0x00000000ab780000)
 Metaspace       used 52543K, capacity 54352K, committed 54528K, reserved 1095680K
  class space    used 7011K, capacity 7414K, committed 7424K, reserved 1048576K
}
Event: 8.602 GC heap before
{Heap before GC invocations=11 (full 2):
 PSYoungGen      total 137728K, used 73488K [0x00000000e0000000, 0x00000000e9e00000, 0x0000000100000000)
  eden space 123392K, 47% used [0x00000000e0000000,0x00000000e39cb9d8,0x00000000e7880000)
  from space 14336K, 99% used [0x00000000e8980000,0x00000000e9778960,0x00000000e9780000)
  to   space 17408K, 0% used [0x00000000e7880000,0x00000000e7880000,0x00000000e8980000)
 ParOldGen       total 187904K, used 20141K [0x00000000a0000000, 0x00000000ab780000, 0x00000000e0000000)
  object space 187904K, 10% used [0x00000000a0000000,0x00000000a13ab4d8,0x00000000ab780000)
 Metaspace       used 57068K, capacity 59026K, committed 59136K, reserved 1099776K
  class space    used 7664K, capacity 8100K, committed 8192K, reserved 1048576K
Event: 8.614 GC heap after
Heap after GC invocations=11 (full 2):
 PSYoungGen      total 140800K, used 17397K [0x00000000e0000000, 0x00000000eb800000, 0x0000000100000000)
  eden space 123392K, 0% used [0x00000000e0000000,0x00000000e0000000,0x00000000e7880000)
  from space 17408K, 99% used [0x00000000e7880000,0x00000000e897d6e8,0x00000000e8980000)
  to   space 19456K, 0% used [0x00000000ea500000,0x00000000ea500000,0x00000000eb800000)
 ParOldGen       total 187904K, used 20401K [0x00000000a0000000, 0x00000000ab780000, 0x00000000e0000000)
  object space 187904K, 10% used [0x00000000a0000000,0x00000000a13ec4c0,0x00000000ab780000)
 Metaspace       used 57068K, capacity 59026K, committed 59136K, reserved 1099776K
  class space    used 7664K, capacity 8100K, committed 8192K, reserved 1048576K
}
Event: 8.614 GC heap before
{Heap before GC invocations=12 (full 3):
 PSYoungGen      total 140800K, used 17397K [0x00000000e0000000, 0x00000000eb800000, 0x0000000100000000)
  eden space 123392K, 0% used [0x00000000e0000000,0x00000000e0000000,0x00000000e7880000)
  from space 17408K, 99% used [0x00000000e7880000,0x00000000e897d6e8,0x00000000e8980000)
  to   space 19456K, 0% used [0x00000000ea500000,0x00000000ea500000,0x00000000eb800000)
 ParOldGen       total 187904K, used 20401K [0x00000000a0000000, 0x00000000ab780000, 0x00000000e0000000)
  object space 187904K, 10% used [0x00000000a0000000,0x00000000a13ec4c0,0x00000000ab780000)
 Metaspace       used 57068K, capacity 59026K, committed 59136K, reserved 1099776K
  class space    used 7664K, capacity 8100K, committed 8192K, reserved 1048576K
Event: 8.804 GC heap after
Heap after GC invocations=12 (full 3):
 PSYoungGen      total 140800K, used 0K [0x00000000e0000000, 0x00000000eb800000, 0x0000000100000000)
  eden space 123392K, 0% used [0x00000000e0000000,0x00000000e0000000,0x00000000e7880000)
  from space 17408K, 0% used [0x00000000e7880000,0x00000000e7880000,0x00000000e8980000)
  to   space 19456K, 0% used [0x00000000ea500000,0x00000000ea500000,0x00000000eb800000)
 ParOldGen       total 187904K, used 32080K [0x00000000a0000000, 0x00000000ab780000, 0x00000000e0000000)
  object space 187904K, 17% used [0x00000000a0000000,0x00000000a1f542d8,0x00000000ab780000)
 Metaspace       used 57003K, capacity 58806K, committed 59136K, reserved 1099776K
  class space    used 7645K, capacity 8070K, committed 8192K, reserved 1048576K
}

