# JRE version: OpenJDK Runtime Environment (8.0_202-b03) (build 1.8.0_202-release-1483-b03)
# Java VM: OpenJDK 64-Bit Server VM (25.202-b03 mixed mode windows-amd64 compressed oops)
Heap:
 PSYoungGen      total 171520K, used 31749K [0x00000000e0000000, 0x00000000eea00000, 0x0000000100000000)
  eden space 133632K, 7% used [0x00000000e0000000,0x00000000e0a165d0,0x00000000e8280000)
  from space 37888K, 56% used [0x00000000e8280000,0x00000000e976b0e0,0x00000000ea780000)
  to   space 37376K, 0% used [0x00000000ec580000,0x00000000ec580000,0x00000000eea00000)
 ParOldGen       total 279552K, used 71202K [0x00000000a0000000, 0x00000000b1100000, 0x00000000e0000000)
  object space 279552K, 25% used [0x00000000a0000000,0x00000000a4588908,0x00000000b1100000)
 Metaspace       used 80882K, capacity 84992K, committed 85248K, reserved 1122304K
  class space    used 10662K, capacity 11449K, committed 11520K, reserved 1048576K
GC Heap History (10 events):
Event: 14.697 GC heap before
{Heap before GC invocations=14 (full 3):
 PSYoungGen      total 151040K, used 150747K [0x00000000e0000000, 0x00000000ead00000, 0x0000000100000000)
  eden space 140288K, 100% used [0x00000000e0000000,0x00000000e8900000,0x00000000e8900000)
  from space 10752K, 97% used [0x00000000ea280000,0x00000000eacb6cc0,0x00000000ead00000)
  to   space 18432K, 0% used [0x00000000e8900000,0x00000000e8900000,0x00000000e9b00000)
 ParOldGen       total 279552K, used 34649K [0x00000000a0000000, 0x00000000b1100000, 0x00000000e0000000)
  object space 279552K, 12% used [0x00000000a0000000,0x00000000a21d6440,0x00000000b1100000)
 Metaspace       used 70113K, capacity 73384K, committed 73600K, reserved 1112064K
  class space    used 9446K, capacity 10075K, committed 10112K, reserved 1048576K
Event: 14.708 GC heap after
Heap after GC invocations=14 (full 3):
 PSYoungGen      total 158720K, used 15049K [0x00000000e0000000, 0x00000000ec080000, 0x0000000100000000)
  eden space 140288K, 0% used [0x00000000e0000000,0x00000000e0000000,0x00000000e8900000)
  from space 18432K, 81% used [0x00000000e8900000,0x00000000e97b2770,0x00000000e9b00000)
  to   space 19456K, 0% used [0x00000000ead80000,0x00000000ead80000,0x00000000ec080000)
 ParOldGen       total 279552K, used 34657K [0x00000000a0000000, 0x00000000b1100000, 0x00000000e0000000)
  object space 279552K, 12% used [0x00000000a0000000,0x00000000a21d8440,0x00000000b1100000)
 Metaspace       used 70113K, capacity 73384K, committed 73600K, reserved 1112064K
  class space    used 9446K, capacity 10075K, committed 10112K, reserved 1048576K
}
Event: 1262.915 GC heap before
{Heap before GC invocations=15 (full 3):
 PSYoungGen      total 158720K, used 155337K [0x00000000e0000000, 0x00000000ec080000, 0x0000000100000000)
  eden space 140288K, 100% used [0x00000000e0000000,0x00000000e8900000,0x00000000e8900000)
  from space 18432K, 81% used [0x00000000e8900000,0x00000000e97b2770,0x00000000e9b00000)
  to   space 19456K, 0% used [0x00000000ead80000,0x00000000ead80000,0x00000000ec080000)
 ParOldGen       total 279552K, used 34657K [0x00000000a0000000, 0x00000000b1100000, 0x00000000e0000000)
  object space 279552K, 12% used [0x00000000a0000000,0x00000000a21d8440,0x00000000b1100000)
 Metaspace       used 73968K, capacity 77398K, committed 77568K, reserved 1116160K
  class space    used 9719K, capacity 10394K, committed 10496K, reserved 1048576K
Event: 1262.938 GC heap after
Heap after GC invocations=15 (full 3):
 PSYoungGen      total 157184K, used 19429K [0x00000000e0000000, 0x00000000ec080000, 0x0000000100000000)
  eden space 137728K, 0% used [0x00000000e0000000,0x00000000e0000000,0x00000000e8680000)
  from space 19456K, 99% used [0x00000000ead80000,0x00000000ec079798,0x00000000ec080000)
  to   space 23552K, 0% used [0x00000000e9280000,0x00000000e9280000,0x00000000ea980000)
 ParOldGen       total 279552K, used 41016K [0x00000000a0000000, 0x00000000b1100000, 0x00000000e0000000)
  object space 279552K, 14% used [0x00000000a0000000,0x00000000a280e380,0x00000000b1100000)
 Metaspace       used 73968K, capacity 77398K, committed 77568K, reserved 1116160K
  class space    used 9719K, capacity 10394K, committed 10496K, reserved 1048576K
}
Event: 1265.198 GC heap before
{Heap before GC invocations=16 (full 3):
 PSYoungGen      total 157184K, used 157157K [0x00000000e0000000, 0x00000000ec080000, 0x0000000100000000)
  eden space 137728K, 100% used [0x00000000e0000000,0x00000000e8680000,0x00000000e8680000)
  from space 19456K, 99% used [0x00000000ead80000,0x00000000ec079798,0x00000000ec080000)
  to   space 23552K, 0% used [0x00000000e9280000,0x00000000e9280000,0x00000000ea980000)
 ParOldGen       total 279552K, used 41016K [0x00000000a0000000, 0x00000000b1100000, 0x00000000e0000000)
  object space 279552K, 14% used [0x00000000a0000000,0x00000000a280e380,0x00000000b1100000)
 Metaspace       used 77762K, capacity 81388K, committed 81664K, reserved 1120256K
  class space    used 10283K, capacity 10975K, committed 11008K, reserved 1048576K
Event: 1265.221 GC heap after
Heap after GC invocations=16 (full 3):
 PSYoungGen      total 159232K, used 23537K [0x00000000e0000000, 0x00000000ec280000, 0x0000000100000000)
  eden space 135680K, 0% used [0x00000000e0000000,0x00000000e0000000,0x00000000e8480000)
  from space 23552K, 99% used [0x00000000e9280000,0x00000000ea97c7f8,0x00000000ea980000)
  to   space 25600K, 0% used [0x00000000ea980000,0x00000000ea980000,0x00000000ec280000)
 ParOldGen       total 279552K, used 54775K [0x00000000a0000000, 0x00000000b1100000, 0x00000000e0000000)
  object space 279552K, 19% used [0x00000000a0000000,0x00000000a357dc98,0x00000000b1100000)
 Metaspace       used 77762K, capacity 81388K, committed 81664K, reserved 1120256K
  class space    used 10283K, capacity 10975K, committed 11008K, reserved 1048576K
}
Event: 1270.998 GC heap before
{Heap before GC invocations=17 (full 3):
 PSYoungGen      total 159232K, used 159217K [0x00000000e0000000, 0x00000000ec280000, 0x0000000100000000)
  eden space 135680K, 100% used [0x00000000e0000000,0x00000000e8480000,0x00000000e8480000)
  from space 23552K, 99% used [0x00000000e9280000,0x00000000ea97c7f8,0x00000000ea980000)
  to   space 25600K, 0% used [0x00000000ea980000,0x00000000ea980000,0x00000000ec280000)
 ParOldGen       total 279552K, used 54775K [0x00000000a0000000, 0x00000000b1100000, 0x00000000e0000000)
  object space 279552K, 19% used [0x00000000a0000000,0x00000000a357dc98,0x00000000b1100000)
 Metaspace       used 80878K, capacity 84992K, committed 85248K, reserved 1122304K
  class space    used 10662K, capacity 11449K, committed 11520K, reserved 1048576K
Event: 1271.023 GC heap after
Heap after GC invocations=17 (full 3):
 PSYoungGen      total 159232K, used 25597K [0x00000000e0000000, 0x00000000ecc80000, 0x0000000100000000)
  eden space 133632K, 0% used [0x00000000e0000000,0x00000000e0000000,0x00000000e8280000)
  from space 25600K, 99% used [0x00000000ea980000,0x00000000ec27f6c0,0x00000000ec280000)
  to   space 37888K, 0% used [0x00000000e8280000,0x00000000e8280000,0x00000000ea780000)
 ParOldGen       total 279552K, used 66189K [0x00000000a0000000, 0x00000000b1100000, 0x00000000e0000000)
  object space 279552K, 23% used [0x00000000a0000000,0x00000000a40a3438,0x00000000b1100000)
 Metaspace       used 80878K, capacity 84992K, committed 85248K, reserved 1122304K
  class space    used 10662K, capacity 11449K, committed 11520K, reserved 1048576K
}
Event: 1271.437 GC heap before
{Heap before GC invocations=18 (full 3):
 PSYoungGen      total 159232K, used 159229K [0x00000000e0000000, 0x00000000ecc80000, 0x0000000100000000)
  eden space 133632K, 100% used [0x00000000e0000000,0x00000000e8280000,0x00000000e8280000)
  from space 25600K, 99% used [0x00000000ea980000,0x00000000ec27f6c0,0x00000000ec280000)
  to   space 37888K, 0% used [0x00000000e8280000,0x00000000e8280000,0x00000000ea780000)
 ParOldGen       total 279552K, used 66189K [0x00000000a0000000, 0x00000000b1100000, 0x00000000e0000000)
  object space 279552K, 23% used [0x00000000a0000000,0x00000000a40a3438,0x00000000b1100000)
 Metaspace       used 80882K, capacity 84992K, committed 85248K, reserved 1122304K
  class space    used 10662K, capacity 11449K, committed 11520K, reserved 1048576K
Event: 1271.460 GC heap after
Heap after GC invocations=18 (full 3):
 PSYoungGen      total 171520K, used 21420K [0x00000000e0000000, 0x00000000eea00000, 0x0000000100000000)
  eden space 133632K, 0% used [0x00000000e0000000,0x00000000e0000000,0x00000000e8280000)
  from space 37888K, 56% used [0x00000000e8280000,0x00000000e976b0e0,0x00000000ea780000)
  to   space 37376K, 0% used [0x00000000ec580000,0x00000000ec580000,0x00000000eea00000)
 ParOldGen       total 279552K, used 71202K [0x00000000a0000000, 0x00000000b1100000, 0x00000000e0000000)
  object space 279552K, 25% used [0x00000000a0000000,0x00000000a4588908,0x00000000b1100000)
 Metaspace       used 80882K, capacity 84992K, committed 85248K, reserved 1122304K
  class space    used 10662K, capacity 11449K, committed 11520K, reserved 1048576K
}

