# JRE version: OpenJDK Runtime Environment (8.0_202-b03) (build 1.8.0_202-release-1483-b03)
# Java VM: OpenJDK 64-Bit Server VM (25.202-b03 mixed mode windows-amd64 compressed oops)
Heap:
 PSYoungGen      total 143360K, used 16631K [0x00000000e0000000, 0x00000000ea680000, 0x0000000100000000)
  eden space 128512K, 12% used [0x00000000e0000000,0x00000000e103def8,0x00000000e7d80000)
  from space 14848K, 0% used [0x00000000e9800000,0x00000000e9800000,0x00000000ea680000)
  to   space 10752K, 0% used [0x00000000e7d80000,0x00000000e7d80000,0x00000000e8800000)
 ParOldGen       total 114176K, used 16121K [0x00000000a0000000, 0x00000000a6f80000, 0x00000000e0000000)
  object space 114176K, 14% used [0x00000000a0000000,0x00000000a0fbe4e0,0x00000000a6f80000)
 Metaspace       used 35097K, capacity 36238K, committed 36352K, reserved 1081344K
  class space    used 4862K, capacity 5097K, committed 5120K, reserved 1048576K
GC Heap History (10 events):
Event: 2.024 GC heap before
{Heap before GC invocations=4 (full 1):
 PSYoungGen      total 76288K, used 10741K [0x00000000e0000000, 0x00000000e9500000, 0x0000000100000000)
  eden space 65536K, 0% used [0x00000000e0000000,0x00000000e0000000,0x00000000e4000000)
  from space 10752K, 99% used [0x00000000e4000000,0x00000000e4a7d5c0,0x00000000e4a80000)
  to   space 10752K, 0% used [0x00000000e8a80000,0x00000000e8a80000,0x00000000e9500000)
 ParOldGen       total 175104K, used 1640K [0x00000000a0000000, 0x00000000aab00000, 0x00000000e0000000)
  object space 175104K, 0% used [0x00000000a0000000,0x00000000a019a080,0x00000000aab00000)
 Metaspace       used 20665K, capacity 21172K, committed 21296K, reserved 1067008K
  class space    used 2965K, capacity 3129K, committed 3200K, reserved 1048576K
Event: 2.051 GC heap after
Heap after GC invocations=4 (full 1):
 PSYoungGen      total 76288K, used 0K [0x00000000e0000000, 0x00000000e9500000, 0x0000000100000000)
  eden space 65536K, 0% used [0x00000000e0000000,0x00000000e0000000,0x00000000e4000000)
  from space 10752K, 0% used [0x00000000e4000000,0x00000000e4000000,0x00000000e4a80000)
  to   space 10752K, 0% used [0x00000000e8a80000,0x00000000e8a80000,0x00000000e9500000)
 ParOldGen       total 114176K, used 11878K [0x00000000a0000000, 0x00000000a6f80000, 0x00000000e0000000)
  object space 114176K, 10% used [0x00000000a0000000,0x00000000a0b99900,0x00000000a6f80000)
 Metaspace       used 20665K, capacity 21172K, committed 21296K, reserved 1067008K
  class space    used 2965K, capacity 3129K, committed 3200K, reserved 1048576K
}
Event: 2.563 GC heap before
{Heap before GC invocations=5 (full 1):
 PSYoungGen      total 76288K, used 65536K [0x00000000e0000000, 0x00000000e9500000, 0x0000000100000000)
  eden space 65536K, 100% used [0x00000000e0000000,0x00000000e4000000,0x00000000e4000000)
  from space 10752K, 0% used [0x00000000e4000000,0x00000000e4000000,0x00000000e4a80000)
  to   space 10752K, 0% used [0x00000000e8a80000,0x00000000e8a80000,0x00000000e9500000)
 ParOldGen       total 114176K, used 11878K [0x00000000a0000000, 0x00000000a6f80000, 0x00000000e0000000)
  object space 114176K, 10% used [0x00000000a0000000,0x00000000a0b99900,0x00000000a6f80000)
 Metaspace       used 28406K, capacity 29020K, committed 29312K, reserved 1075200K
  class space    used 3907K, capacity 4099K, committed 4224K, reserved 1048576K
Event: 2.569 GC heap after
Heap after GC invocations=5 (full 1):
 PSYoungGen      total 104448K, used 7731K [0x00000000e0000000, 0x00000000e9280000, 0x0000000100000000)
  eden space 96256K, 0% used [0x00000000e0000000,0x00000000e0000000,0x00000000e5e00000)
  from space 8192K, 94% used [0x00000000e8a80000,0x00000000e920cc60,0x00000000e9280000)
  to   space 10752K, 0% used [0x00000000e7d80000,0x00000000e7d80000,0x00000000e8800000)
 ParOldGen       total 114176K, used 11886K [0x00000000a0000000, 0x00000000a6f80000, 0x00000000e0000000)
  object space 114176K, 10% used [0x00000000a0000000,0x00000000a0b9b900,0x00000000a6f80000)
 Metaspace       used 28406K, capacity 29020K, committed 29312K, reserved 1075200K
  class space    used 3907K, capacity 4099K, committed 4224K, reserved 1048576K
}
Event: 3.327 GC heap before
{Heap before GC invocations=6 (full 1):
 PSYoungGen      total 104448K, used 103987K [0x00000000e0000000, 0x00000000e9280000, 0x0000000100000000)
  eden space 96256K, 100% used [0x00000000e0000000,0x00000000e5e00000,0x00000000e5e00000)
  from space 8192K, 94% used [0x00000000e8a80000,0x00000000e920cc60,0x00000000e9280000)
  to   space 10752K, 0% used [0x00000000e7d80000,0x00000000e7d80000,0x00000000e8800000)
 ParOldGen       total 114176K, used 11886K [0x00000000a0000000, 0x00000000a6f80000, 0x00000000e0000000)
  object space 114176K, 10% used [0x00000000a0000000,0x00000000a0b9b900,0x00000000a6f80000)
 Metaspace       used 33910K, capacity 34782K, committed 34944K, reserved 1079296K
  class space    used 4693K, capacity 4885K, committed 4992K, reserved 1048576K
Event: 3.336 GC heap after
Heap after GC invocations=6 (full 1):
 PSYoungGen      total 139264K, used 10726K [0x00000000e0000000, 0x00000000ea680000, 0x0000000100000000)
  eden space 128512K, 0% used [0x00000000e0000000,0x00000000e0000000,0x00000000e7d80000)
  from space 10752K, 99% used [0x00000000e7d80000,0x00000000e87f9a78,0x00000000e8800000)
  to   space 14848K, 0% used [0x00000000e9800000,0x00000000e9800000,0x00000000ea680000)
 ParOldGen       total 114176K, used 13321K [0x00000000a0000000, 0x00000000a6f80000, 0x00000000e0000000)
  object space 114176K, 11% used [0x00000000a0000000,0x00000000a0d02508,0x00000000a6f80000)
 Metaspace       used 33910K, capacity 34782K, committed 34944K, reserved 1079296K
  class space    used 4693K, capacity 4885K, committed 4992K, reserved 1048576K
}
Event: 3.470 GC heap before
{Heap before GC invocations=7 (full 1):
 PSYoungGen      total 139264K, used 24201K [0x00000000e0000000, 0x00000000ea680000, 0x0000000100000000)
  eden space 128512K, 10% used [0x00000000e0000000,0x00000000e0d28d50,0x00000000e7d80000)
  from space 10752K, 99% used [0x00000000e7d80000,0x00000000e87f9a78,0x00000000e8800000)
  to   space 14848K, 0% used [0x00000000e9800000,0x00000000e9800000,0x00000000ea680000)
 ParOldGen       total 114176K, used 13321K [0x00000000a0000000, 0x00000000a6f80000, 0x00000000e0000000)
  object space 114176K, 11% used [0x00000000a0000000,0x00000000a0d02508,0x00000000a6f80000)
 Metaspace       used 34516K, capacity 35438K, committed 35456K, reserved 1079296K
  class space    used 4768K, capacity 4991K, committed 4992K, reserved 1048576K
Event: 3.476 GC heap after
Heap after GC invocations=7 (full 1):
 PSYoungGen      total 143360K, used 8904K [0x00000000e0000000, 0x00000000ea680000, 0x0000000100000000)
  eden space 128512K, 0% used [0x00000000e0000000,0x00000000e0000000,0x00000000e7d80000)
  from space 14848K, 59% used [0x00000000e9800000,0x00000000ea0b2120,0x00000000ea680000)
  to   space 10752K, 0% used [0x00000000e7d80000,0x00000000e7d80000,0x00000000e8800000)
 ParOldGen       total 114176K, used 13329K [0x00000000a0000000, 0x00000000a6f80000, 0x00000000e0000000)
  object space 114176K, 11% used [0x00000000a0000000,0x00000000a0d04508,0x00000000a6f80000)
 Metaspace       used 34516K, capacity 35438K, committed 35456K, reserved 1079296K
  class space    used 4768K, capacity 4991K, committed 4992K, reserved 1048576K
}
Event: 3.476 GC heap before
{Heap before GC invocations=8 (full 2):
 PSYoungGen      total 143360K, used 8904K [0x00000000e0000000, 0x00000000ea680000, 0x0000000100000000)
  eden space 128512K, 0% used [0x00000000e0000000,0x00000000e0000000,0x00000000e7d80000)
  from space 14848K, 59% used [0x00000000e9800000,0x00000000ea0b2120,0x00000000ea680000)
  to   space 10752K, 0% used [0x00000000e7d80000,0x00000000e7d80000,0x00000000e8800000)
 ParOldGen       total 114176K, used 13329K [0x00000000a0000000, 0x00000000a6f80000, 0x00000000e0000000)
  object space 114176K, 11% used [0x00000000a0000000,0x00000000a0d04508,0x00000000a6f80000)
 Metaspace       used 34516K, capacity 35438K, committed 35456K, reserved 1079296K
  class space    used 4768K, capacity 4991K, committed 4992K, reserved 1048576K
Event: 3.531 GC heap after
Heap after GC invocations=8 (full 2):
 PSYoungGen      total 143360K, used 0K [0x00000000e0000000, 0x00000000ea680000, 0x0000000100000000)
  eden space 128512K, 0% used [0x00000000e0000000,0x00000000e0000000,0x00000000e7d80000)
  from space 14848K, 0% used [0x00000000e9800000,0x00000000e9800000,0x00000000ea680000)
  to   space 10752K, 0% used [0x00000000e7d80000,0x00000000e7d80000,0x00000000e8800000)
 ParOldGen       total 114176K, used 16121K [0x00000000a0000000, 0x00000000a6f80000, 0x00000000e0000000)
  object space 114176K, 14% used [0x00000000a0000000,0x00000000a0fbe4e0,0x00000000a6f80000)
 Metaspace       used 34516K, capacity 35438K, committed 35456K, reserved 1079296K
  class space    used 4768K, capacity 4991K, committed 4992K, reserved 1048576K
}

