# JRE version: OpenJDK Runtime Environment (8.0_202-b03) (build 1.8.0_202-release-1483-b03)
# Java VM: OpenJDK 64-Bit Server VM (25.202-b03 mixed mode windows-amd64 compressed oops)
Heap:
 PSYoungGen      total 138752K, used 24509K [0x00000000e0000000, 0x00000000ece00000, 0x0000000100000000)
  eden space 128000K, 10% used [0x00000000e0000000,0x00000000e0d70688,0x00000000e7d00000)
  from space 10752K, 99% used [0x00000000e7d00000,0x00000000e877edf0,0x00000000e8780000)
  to   space 16896K, 0% used [0x00000000ebd80000,0x00000000ebd80000,0x00000000ece00000)
 ParOldGen       total 113664K, used 21657K [0x00000000a0000000, 0x00000000a6f00000, 0x00000000e0000000)
  object space 113664K, 19% used [0x00000000a0000000,0x00000000a1526648,0x00000000a6f00000)
 Metaspace       used 46013K, capacity 47478K, committed 47488K, reserved 1089536K
  class space    used 6217K, capacity 6525K, committed 6528K, reserved 1048576K
GC Heap History (10 events):
Event: 2.680 GC heap before
{Heap before GC invocations=5 (full 1):
 PSYoungGen      total 76288K, used 65536K [0x00000000e0000000, 0x00000000e9500000, 0x0000000100000000)
  eden space 65536K, 100% used [0x00000000e0000000,0x00000000e4000000,0x00000000e4000000)
  from space 10752K, 0% used [0x00000000e4000000,0x00000000e4000000,0x00000000e4a80000)
  to   space 10752K, 0% used [0x00000000e8a80000,0x00000000e8a80000,0x00000000e9500000)
 ParOldGen       total 113664K, used 11799K [0x00000000a0000000, 0x00000000a6f00000, 0x00000000e0000000)
  object space 113664K, 10% used [0x00000000a0000000,0x00000000a0b85ed8,0x00000000a6f00000)
 Metaspace       used 28293K, capacity 28892K, committed 29312K, reserved 1075200K
  class space    used 3899K, capacity 4099K, committed 4224K, reserved 1048576K
Event: 2.685 GC heap after
Heap after GC invocations=5 (full 1):
 PSYoungGen      total 103936K, used 7671K [0x00000000e0000000, 0x00000000e9200000, 0x0000000100000000)
  eden space 96256K, 0% used [0x00000000e0000000,0x00000000e0000000,0x00000000e5e00000)
  from space 7680K, 99% used [0x00000000e8a80000,0x00000000e91fdcc0,0x00000000e9200000)
  to   space 10752K, 0% used [0x00000000e7d00000,0x00000000e7d00000,0x00000000e8780000)
 ParOldGen       total 113664K, used 11807K [0x00000000a0000000, 0x00000000a6f00000, 0x00000000e0000000)
  object space 113664K, 10% used [0x00000000a0000000,0x00000000a0b87ed8,0x00000000a6f00000)
 Metaspace       used 28293K, capacity 28892K, committed 29312K, reserved 1075200K
  class space    used 3899K, capacity 4099K, committed 4224K, reserved 1048576K
}
Event: 3.682 GC heap before
{Heap before GC invocations=6 (full 1):
 PSYoungGen      total 103936K, used 103927K [0x00000000e0000000, 0x00000000e9200000, 0x0000000100000000)
  eden space 96256K, 100% used [0x00000000e0000000,0x00000000e5e00000,0x00000000e5e00000)
  from space 7680K, 99% used [0x00000000e8a80000,0x00000000e91fdcc0,0x00000000e9200000)
  to   space 10752K, 0% used [0x00000000e7d00000,0x00000000e7d00000,0x00000000e8780000)
 ParOldGen       total 113664K, used 11807K [0x00000000a0000000, 0x00000000a6f00000, 0x00000000e0000000)
  object space 113664K, 10% used [0x00000000a0000000,0x00000000a0b87ed8,0x00000000a6f00000)
 Metaspace       used 33737K, capacity 34654K, committed 34944K, reserved 1079296K
  class space    used 4668K, capacity 4885K, committed 4992K, reserved 1048576K
Event: 3.691 GC heap after
Heap after GC invocations=6 (full 1):
 PSYoungGen      total 138752K, used 10730K [0x00000000e0000000, 0x00000000ea580000, 0x0000000100000000)
  eden space 128000K, 0% used [0x00000000e0000000,0x00000000e0000000,0x00000000e7d00000)
  from space 10752K, 99% used [0x00000000e7d00000,0x00000000e877a878,0x00000000e8780000)
  to   space 14848K, 0% used [0x00000000e9700000,0x00000000e9700000,0x00000000ea580000)
 ParOldGen       total 113664K, used 13025K [0x00000000a0000000, 0x00000000a6f00000, 0x00000000e0000000)
  object space 113664K, 11% used [0x00000000a0000000,0x00000000a0cb8470,0x00000000a6f00000)
 Metaspace       used 33737K, capacity 34654K, committed 34944K, reserved 1079296K
  class space    used 4668K, capacity 4885K, committed 4992K, reserved 1048576K
}
Event: 3.850 GC heap before
{Heap before GC invocations=7 (full 1):
 PSYoungGen      total 138752K, used 27355K [0x00000000e0000000, 0x00000000ea580000, 0x0000000100000000)
  eden space 128000K, 12% used [0x00000000e0000000,0x00000000e103c780,0x00000000e7d00000)
  from space 10752K, 99% used [0x00000000e7d00000,0x00000000e877a878,0x00000000e8780000)
  to   space 14848K, 0% used [0x00000000e9700000,0x00000000e9700000,0x00000000ea580000)
 ParOldGen       total 113664K, used 13025K [0x00000000a0000000, 0x00000000a6f00000, 0x00000000e0000000)
  object space 113664K, 11% used [0x00000000a0000000,0x00000000a0cb8470,0x00000000a6f00000)
 Metaspace       used 34512K, capacity 35406K, committed 35456K, reserved 1079296K
  class space    used 4764K, capacity 4959K, committed 4992K, reserved 1048576K
Event: 3.857 GC heap after
Heap after GC invocations=7 (full 1):
 PSYoungGen      total 142848K, used 9110K [0x00000000e0000000, 0x00000000ea580000, 0x0000000100000000)
  eden space 128000K, 0% used [0x00000000e0000000,0x00000000e0000000,0x00000000e7d00000)
  from space 14848K, 61% used [0x00000000e9700000,0x00000000e9fe5a08,0x00000000ea580000)
  to   space 10752K, 0% used [0x00000000e7d00000,0x00000000e7d00000,0x00000000e8780000)
 ParOldGen       total 113664K, used 13033K [0x00000000a0000000, 0x00000000a6f00000, 0x00000000e0000000)
  object space 113664K, 11% used [0x00000000a0000000,0x00000000a0cba470,0x00000000a6f00000)
 Metaspace       used 34512K, capacity 35406K, committed 35456K, reserved 1079296K
  class space    used 4764K, capacity 4959K, committed 4992K, reserved 1048576K
}
Event: 3.857 GC heap before
{Heap before GC invocations=8 (full 2):
 PSYoungGen      total 142848K, used 9110K [0x00000000e0000000, 0x00000000ea580000, 0x0000000100000000)
  eden space 128000K, 0% used [0x00000000e0000000,0x00000000e0000000,0x00000000e7d00000)
  from space 14848K, 61% used [0x00000000e9700000,0x00000000e9fe5a08,0x00000000ea580000)
  to   space 10752K, 0% used [0x00000000e7d00000,0x00000000e7d00000,0x00000000e8780000)
 ParOldGen       total 113664K, used 13033K [0x00000000a0000000, 0x00000000a6f00000, 0x00000000e0000000)
  object space 113664K, 11% used [0x00000000a0000000,0x00000000a0cba470,0x00000000a6f00000)
 Metaspace       used 34512K, capacity 35406K, committed 35456K, reserved 1079296K
  class space    used 4764K, capacity 4959K, committed 4992K, reserved 1048576K
Event: 3.924 GC heap after
Heap after GC invocations=8 (full 2):
 PSYoungGen      total 142848K, used 0K [0x00000000e0000000, 0x00000000ea580000, 0x0000000100000000)
  eden space 128000K, 0% used [0x00000000e0000000,0x00000000e0000000,0x00000000e7d00000)
  from space 14848K, 0% used [0x00000000e9700000,0x00000000e9700000,0x00000000ea580000)
  to   space 10752K, 0% used [0x00000000e7d00000,0x00000000e7d00000,0x00000000e8780000)
 ParOldGen       total 113664K, used 16277K [0x00000000a0000000, 0x00000000a6f00000, 0x00000000e0000000)
  object space 113664K, 14% used [0x00000000a0000000,0x00000000a0fe5400,0x00000000a6f00000)
 Metaspace       used 34512K, capacity 35406K, committed 35456K, reserved 1079296K
  class space    used 4764K, capacity 4959K, committed 4992K, reserved 1048576K
}
Event: 5.192 GC heap before
{Heap before GC invocations=9 (full 2):
 PSYoungGen      total 142848K, used 128000K [0x00000000e0000000, 0x00000000ea580000, 0x0000000100000000)
  eden space 128000K, 100% used [0x00000000e0000000,0x00000000e7d00000,0x00000000e7d00000)
  from space 14848K, 0% used [0x00000000e9700000,0x00000000e9700000,0x00000000ea580000)
  to   space 10752K, 0% used [0x00000000e7d00000,0x00000000e7d00000,0x00000000e8780000)
 ParOldGen       total 113664K, used 16277K [0x00000000a0000000, 0x00000000a6f00000, 0x00000000e0000000)
  object space 113664K, 14% used [0x00000000a0000000,0x00000000a0fe5400,0x00000000a6f00000)
 Metaspace       used 45889K, capacity 47272K, committed 47488K, reserved 1089536K
  class space    used 6193K, capacity 6456K, committed 6528K, reserved 1048576K
Event: 5.203 GC heap after
Heap after GC invocations=9 (full 2):
 PSYoungGen      total 138752K, used 10747K [0x00000000e0000000, 0x00000000ece00000, 0x0000000100000000)
  eden space 128000K, 0% used [0x00000000e0000000,0x00000000e0000000,0x00000000e7d00000)
  from space 10752K, 99% used [0x00000000e7d00000,0x00000000e877edf0,0x00000000e8780000)
  to   space 16896K, 0% used [0x00000000ebd80000,0x00000000ebd80000,0x00000000ece00000)
 ParOldGen       total 113664K, used 21657K [0x00000000a0000000, 0x00000000a6f00000, 0x00000000e0000000)
  object space 113664K, 19% used [0x00000000a0000000,0x00000000a1526648,0x00000000a6f00000)
 Metaspace       used 45889K, capacity 47272K, committed 47488K, reserved 1089536K
  class space    used 6193K, capacity 6456K, committed 6528K, reserved 1048576K
}

